{"level":"info","message":"Application starting..."}
{"level":"info","message":"Server is running on port 4000"}
{"level":"info","message":"Application starting..."}
{"level":"info","message":"Server is running on port 4000"}
{"level":"info","message":"Application starting..."}
{"level":"info","message":"Server is running on port 4000"}
{"level":"info","message":"Application starting..."}
{"level":"info","message":"Server is running on port 4000"}
{"level":"info","message":"Application starting..."}
{"level":"info","message":"Server is running on port 4000"}
{"level":"info","message":"Application starting..."}
{"level":"info","message":"Server is running on port 4000"}
{"level":"info","message":"Application starting..."}
{"level":"info","message":"Server is running on port 4000"}
{"level":"info","message":"Application starting..."}
{"level":"info","message":"Application starting..."}
{"date":"Fri Nov 18 2022 11:12:31 GMT+0100 (West Africa Standard Time)","error":{},"exception":true,"level":"error","message":"uncaughtException: loge is not defined\nReferenceError: loge is not defined\n    at file:///Users/rashidatsikiru/Documents/musicReview_Backend/src/index.js:71:1\n    at ModuleJob.run (node:internal/modules/esm/module_job:193:25)\n    at async Promise.all (index 0)\n    at async ESMLoader.import (node:internal/modules/esm/loader:530:24)\n    at async loadESM (node:internal/process/esm_loader:91:5)\n    at async handleMainPromise (node:internal/modules/run_main:65:12)","os":{"loadavg":[3.05517578125,2.736328125,2.68310546875],"uptime":11193},"process":{"argv":["/usr/local/bin/node","/Users/rashidatsikiru/Documents/musicReview_Backend/src/index.js"],"cwd":"/Users/rashidatsikiru/Documents/musicReview_Backend","execPath":"/usr/local/bin/node","gid":20,"memoryUsage":{"arrayBuffers":362538,"external":1186298,"heapTotal":18907136,"heapUsed":13561568,"rss":59785216},"pid":3306,"uid":501,"version":"v18.12.1"},"stack":"ReferenceError: loge is not defined\n    at file:///Users/rashidatsikiru/Documents/musicReview_Backend/src/index.js:71:1\n    at ModuleJob.run (node:internal/modules/esm/module_job:193:25)\n    at async Promise.all (index 0)\n    at async ESMLoader.import (node:internal/modules/esm/loader:530:24)\n    at async loadESM (node:internal/process/esm_loader:91:5)\n    at async handleMainPromise (node:internal/modules/run_main:65:12)","trace":[{"column":1,"file":"file:///Users/rashidatsikiru/Documents/musicReview_Backend/src/index.js","function":null,"line":71,"method":null,"native":false},{"column":25,"file":"node:internal/modules/esm/module_job","function":"ModuleJob.run","line":193,"method":"run","native":false},{"column":null,"file":null,"function":"async Promise.all","line":null,"method":"all","native":false},{"column":24,"file":"node:internal/modules/esm/loader","function":"async ESMLoader.import","line":530,"method":"import","native":false},{"column":5,"file":"node:internal/process/esm_loader","function":"async loadESM","line":91,"method":null,"native":false},{"column":12,"file":"node:internal/modules/run_main","function":"async handleMainPromise","line":65,"method":null,"native":false}]}
{"level":"info","message":"Application starting..."}
{"date":"Fri Nov 18 2022 11:12:33 GMT+0100 (West Africa Standard Time)","error":{},"exception":true,"level":"error","message":"uncaughtException: logger is not a function\nTypeError: logger is not a function\n    at file:///Users/rashidatsikiru/Documents/musicReview_Backend/src/index.js:71:1\n    at ModuleJob.run (node:internal/modules/esm/module_job:193:25)\n    at async Promise.all (index 0)\n    at async ESMLoader.import (node:internal/modules/esm/loader:530:24)\n    at async loadESM (node:internal/process/esm_loader:91:5)\n    at async handleMainPromise (node:internal/modules/run_main:65:12)","os":{"loadavg":[3.05517578125,2.736328125,2.68310546875],"uptime":11195},"process":{"argv":["/usr/local/bin/node","/Users/rashidatsikiru/Documents/musicReview_Backend/src/index.js"],"cwd":"/Users/rashidatsikiru/Documents/musicReview_Backend","execPath":"/usr/local/bin/node","gid":20,"memoryUsage":{"arrayBuffers":362538,"external":1186298,"heapTotal":18907136,"heapUsed":13466576,"rss":58277888},"pid":3317,"uid":501,"version":"v18.12.1"},"stack":"TypeError: logger is not a function\n    at file:///Users/rashidatsikiru/Documents/musicReview_Backend/src/index.js:71:1\n    at ModuleJob.run (node:internal/modules/esm/module_job:193:25)\n    at async Promise.all (index 0)\n    at async ESMLoader.import (node:internal/modules/esm/loader:530:24)\n    at async loadESM (node:internal/process/esm_loader:91:5)\n    at async handleMainPromise (node:internal/modules/run_main:65:12)","trace":[{"column":1,"file":"file:///Users/rashidatsikiru/Documents/musicReview_Backend/src/index.js","function":null,"line":71,"method":null,"native":false},{"column":25,"file":"node:internal/modules/esm/module_job","function":"ModuleJob.run","line":193,"method":"run","native":false},{"column":null,"file":null,"function":"async Promise.all","line":null,"method":"all","native":false},{"column":24,"file":"node:internal/modules/esm/loader","function":"async ESMLoader.import","line":530,"method":"import","native":false},{"column":5,"file":"node:internal/process/esm_loader","function":"async loadESM","line":91,"method":null,"native":false},{"column":12,"file":"node:internal/modules/run_main","function":"async handleMainPromise","line":65,"method":null,"native":false}]}
{"level":"info","message":"Application starting..."}
{"date":"Fri Nov 18 2022 11:12:35 GMT+0100 (West Africa Standard Time)","error":{},"exception":true,"level":"error","message":"uncaughtException: logger.in is not a function\nTypeError: logger.in is not a function\n    at file:///Users/rashidatsikiru/Documents/musicReview_Backend/src/index.js:71:10\n    at ModuleJob.run (node:internal/modules/esm/module_job:193:25)\n    at async Promise.all (index 0)\n    at async ESMLoader.import (node:internal/modules/esm/loader:530:24)\n    at async loadESM (node:internal/process/esm_loader:91:5)\n    at async handleMainPromise (node:internal/modules/run_main:65:12)","os":{"loadavg":[2.89013671875,2.70703125,2.6728515625],"uptime":11197},"process":{"argv":["/usr/local/bin/node","/Users/rashidatsikiru/Documents/musicReview_Backend/src/index.js"],"cwd":"/Users/rashidatsikiru/Documents/musicReview_Backend","execPath":"/usr/local/bin/node","gid":20,"memoryUsage":{"arrayBuffers":362538,"external":1186298,"heapTotal":18907136,"heapUsed":13490640,"rss":58228736},"pid":3321,"uid":501,"version":"v18.12.1"},"stack":"TypeError: logger.in is not a function\n    at file:///Users/rashidatsikiru/Documents/musicReview_Backend/src/index.js:71:10\n    at ModuleJob.run (node:internal/modules/esm/module_job:193:25)\n    at async Promise.all (index 0)\n    at async ESMLoader.import (node:internal/modules/esm/loader:530:24)\n    at async loadESM (node:internal/process/esm_loader:91:5)\n    at async handleMainPromise (node:internal/modules/run_main:65:12)","trace":[{"column":10,"file":"file:///Users/rashidatsikiru/Documents/musicReview_Backend/src/index.js","function":null,"line":71,"method":null,"native":false},{"column":25,"file":"node:internal/modules/esm/module_job","function":"ModuleJob.run","line":193,"method":"run","native":false},{"column":null,"file":null,"function":"async Promise.all","line":null,"method":"all","native":false},{"column":24,"file":"node:internal/modules/esm/loader","function":"async ESMLoader.import","line":530,"method":"import","native":false},{"column":5,"file":"node:internal/process/esm_loader","function":"async loadESM","line":91,"method":null,"native":false},{"column":12,"file":"node:internal/modules/run_main","function":"async handleMainPromise","line":65,"method":null,"native":false}]}
{"level":"info","message":"Application starting..."}
{"level":"info","message":"Server is running on port 4000"}
{"level":"info","message":"Application starting..."}
{"level":"info","message":"Server is running on port 4000"}
{"level":"info","message":"Application starting..."}
{"level":"info","message":"Server is running on port 4000"}
{"level":"info","message":"Application starting..."}
{"level":"info","message":"Server is running on port 4000"}
{"level":"info","message":"Application starting..."}
{"level":"info","message":"Server is running on port 4000"}
{"level":"info","message":"Application starting..."}
{"level":"info","message":"Server is running on port 4000"}
